0 info it worked if it ends with ok
1 verbose cli [ 'C:\\Program Files\\nodejs\\node.exe',
1 verbose cli   'C:\\Program Files\\nodejs\\node_modules\\npm\\bin\\npm-cli.js',
1 verbose cli   'install',
1 verbose cli   'express',
1 verbose cli   '--save' ]
2 info using npm@3.8.6
3 info using node@v6.0.0
4 silly loadCurrentTree Starting
5 silly install loadCurrentTree
6 silly install readLocalPackageData
7 silly fetchPackageMetaData express
8 silly fetchNamedPackageData express
9 silly mapToRegistry name express
10 silly mapToRegistry using default registry
11 silly mapToRegistry registry https://registry.npmjs.org/
12 silly mapToRegistry data Result {
12 silly mapToRegistry   raw: 'express',
12 silly mapToRegistry   scope: null,
12 silly mapToRegistry   name: 'express',
12 silly mapToRegistry   rawSpec: '',
12 silly mapToRegistry   spec: 'latest',
12 silly mapToRegistry   type: 'tag' }
13 silly mapToRegistry uri https://registry.npmjs.org/express
14 verbose request uri https://registry.npmjs.org/express
15 verbose request no auth needed
16 info attempt registry request try #1 at 10:10:26
17 verbose request id 76f67a8847d0ebb6
18 http request GET https://registry.npmjs.org/express
19 info retry will retry, error on last attempt: Error: read ECONNRESET
20 info attempt registry request try #2 at 10:10:58
21 http request GET https://registry.npmjs.org/express
22 info retry will retry, error on last attempt: Error: read ECONNRESET
23 info attempt registry request try #3 at 10:12:17
24 http request GET https://registry.npmjs.org/express
25 silly fetchPackageMetaData Error: read ECONNRESET
25 silly fetchPackageMetaData     at exports._errnoException (util.js:896:11)
25 silly fetchPackageMetaData     at TLSWrap.onread (net.js:556:26)
25 silly fetchPackageMetaData  error for express { Error: read ECONNRESET
25 silly fetchPackageMetaData     at exports._errnoException (util.js:896:11)
25 silly fetchPackageMetaData     at TLSWrap.onread (net.js:556:26) code: 'ECONNRESET', errno: 'ECONNRESET', syscall: 'read' }
26 silly rollbackFailedOptional Starting
27 silly rollbackFailedOptional Finishing
28 silly runTopLevelLifecycles Starting
29 silly runTopLevelLifecycles Finishing
30 silly install printInstalled
31 verbose stack Error: read ECONNRESET
31 verbose stack     at exports._errnoException (util.js:896:11)
31 verbose stack     at TLSWrap.onread (net.js:556:26)
32 verbose cwd f:\nodejs\study_nodejs\socket
33 error Windows_NT 10.0.10586
34 error argv "C:\\Program Files\\nodejs\\node.exe" "C:\\Program Files\\nodejs\\node_modules\\npm\\bin\\npm-cli.js" "install" "express" "--save"
35 error node v6.0.0
36 error npm  v3.8.6
37 error code ECONNRESET
38 error errno ECONNRESET
39 error syscall read
40 error network read ECONNRESET
41 error network This is most likely not a problem with npm itself
41 error network and is related to network connectivity.
41 error network In most cases you are behind a proxy or have bad network settings.
41 error network
41 error network If you are behind a proxy, please make sure that the
41 error network 'proxy' config is set properly.  See: 'npm help config'
42 verbose exit [ 1, true ]
